2023.02.22 22:22:54 INFO  tracing is disabled for protocol LSP, to enable tracing of incoming and outgoing JSON messages create an empty file at /home/ddddddd/my_learn/cpu_relative/ysyxSoC_test/ysyx/.metals/lsp.trace.json or /home/ddddddd/.cache/metals/lsp.trace.json[0m
2023.02.22 22:22:54 INFO  logging to file /home/ddddddd/my_learn/cpu_relative/ysyxSoC_test/ysyx/.metals/metals.log[0m
2023.02.22 22:22:54 INFO  Started: Metals version 0.11.10 in workspace '/home/ddddddd/my_learn/cpu_relative/ysyxSoC_test/ysyx' for client Visual Studio Code 1.74.3.[0m
SLF4J: No SLF4J providers were found.
SLF4J: Defaulting to no-operation (NOP) logger implementation
SLF4J: See https://www.slf4j.org/codes.html#noProviders for further details.
SLF4J: Class path contains SLF4J bindings targeting slf4j-api versions 1.7.x or earlier.
SLF4J: Ignoring binding found at [jar:file:/home/ddddddd/.cache/coursier/v1/https/repo1.maven.org/maven2/com/outr/scribe-slf4j_2.13/3.10.5/scribe-slf4j_2.13-3.10.5.jar!/org/slf4j/impl/StaticLoggerBinder.class]
SLF4J: See https://www.slf4j.org/codes.html#ignoredBindings for an explanation.
2023.02.22 22:22:55 INFO  time: initialize in 0.49s[0m
2023.02.22 22:22:55 WARN  Build server is not auto-connectable.[0m
2023.02.22 22:22:55 WARN  no build tool detected in workspace '/home/ddddddd/my_learn/cpu_relative/ysyxSoC_test/ysyx'. The most common cause for this problem is that the editor was opened in the wrong working directory, for example if you use sbt then the workspace directory should contain build.sbt. [0m
2023.02.22 22:22:55 WARN  no build target for: /home/ddddddd/my_learn/cpu_relative/ysyxSoC_test/ysyx/module-prefix/AddModulePrefix.scala[0m
2023.02.22 22:22:56 INFO  no build target found for /home/ddddddd/my_learn/cpu_relative/ysyxSoC_test/ysyx/module-prefix/AddModulePrefix.scala. Using presentation compiler with project's scala-library version: 3.2.1[0m
2023.02.22 22:22:57 INFO  time: code lens generation in 1.4s[0m
2023.02.22 22:22:57 INFO  time: code lens generation in 1.4s[0m
2023.02.22 22:24:56 WARN  no build target for: /home/ddddddd/my_learn/cpu_relative/ysyxSoC_test/ysyx/module-prefix/AddModulePrefix.scala[0m
2023.02.22 22:26:02 WARN  no build target for: /home/ddddddd/my_learn/cpu_relative/ysyxSoC_test/ysyx/riscv64_ysyx/src/main/scala/riscv_cpu/some_func/AddModulePrefix.scala[0m
2023.02.22 22:26:30 WARN  no build target for: /home/ddddddd/my_learn/cpu_relative/ysyxSoC_test/ysyx/riscv64_ysyx/src/main/scala/riscv_cpu/my_cpu_top.scala[0m
2023.02.22 22:26:32 WARN  no build target for: /home/ddddddd/my_learn/cpu_relative/ysyxSoC_test/ysyx/riscv64_ysyx/src/main/scala/riscv_cpu/my_cpu_top.scala[0m
Feb 22, 2023 10:26:34 PM org.eclipse.lsp4j.jsonrpc.RemoteEndpoint handleCancellation
WARNING: Unmatched cancel notification for request id 45
2023.02.22 22:26:35 WARN  no build target for: /home/ddddddd/my_learn/cpu_relative/ysyxSoC_test/ysyx/riscv64_ysyx/src/main/scala/riscv_cpu/some_func/AddModulePrefix.scala[0m
Feb 22, 2023 10:28:04 PM org.eclipse.lsp4j.jsonrpc.services.GenericEndpoint notify
INFO: Unsupported notification method: $/setTrace
Feb 22, 2023 10:28:05 PM org.eclipse.lsp4j.jsonrpc.services.GenericEndpoint notify
INFO: Unsupported notification method: $/setTrace
